<?xml version="1.0" encoding="UTF-8"?>
<!-- Generated by org.testng.reporters.JUnitReportReporter -->
<testsuite hostname="DESKTOP-6BLJM9G" failures="0" tests="1" name="com.alation.tests.AmazonTest" time="14.096" errors="0" timestamp="01 Aug 2018 18:14:21 GMT" skipped="0">
  <testcase classname="com.alation.tests.AmazonTest" name="testAmazon" time="14.096"/>
</testsuite> <!-- com.alation.tests.AmazonTest -->
